<?xml version="1.0" encoding="UTF-8"?>
<!-- Generated by org.testng.reporters.JUnitReportReporter -->
<testsuite name="postRequest.GetData" tests="1" time="2.439" ignored="0" failures="0" timestamp="24 Feb 2018 20:30:58 GMT" skipped="0" hostname="32877-7480" errors="0">
  <testcase name="testResponseCode" time="2.439" classname="postRequest.GetData"/>
</testsuite> <!-- postRequest.GetData -->
